{
  "src/straight.js": {
    "path": "src/straight.js",
    "statementMap": {
      "0": {
        "start": { "line": 2, "column": 2 },
        "end": { "line": 2, "column": 16 }
      }
    },
    "s": { "0": 3 },
    "fnMap": {},
    "f": {},
    "branchMap": {},
    "b": {}
  },
  "src/branched.js": {
    "path": "src/branched.js",
    "statementMap": {
      "0": {
        "start": { "line": 3, "column": 4 },
        "end": { "line": 3, "column": 13 }
      },
      "1": {
        "start": { "line": 5, "column": 4 },
        "end": { "line": 5, "column": 14 }
      }
    },
    "s": { "0": 2, "1": 0 },
    "fnMap": {},
    "f": {},
    "branchMap": {},
    "b": {}
  },
  "src/risky.js": {
    "path": "src/risky.js",
    "statementMap": {
      "0": {
        "start": { "line": 6, "column": 10 },
        "end": { "line": 6, "column": 30 }
      },
      "1": {
        "start": { "line": 11, "column": 2 },
        "end": { "line": 11, "column": 11 }
      }
    },
    "s": { "0": 0, "1": 0 },
    "fnMap": {},
    "f": {},
    "branchMap": {},
    "b": {}
  },
  "src/Widget.vue": {
    "path": "src/Widget.vue",
    "statementMap": {
      "0": {
        "start": { "line": 8, "column": 4 },
        "end": { "line": 8, "column": 13 }
      },
      "1": {
        "start": { "line": 10, "column": 2 },
        "end": { "line": 10, "column": 11 }
      }
    },
    "s": { "0": 1, "1": 0 },
    "fnMap": {},
    "f": {},
    "branchMap": {},
    "b": {}
  }
}
